----------Exercise 2----------
Test constructor of empty Bookshelf, using toString() method
Expected: []
Actual: []

Test constructor of non-empty Bookshelf, using toString() method
Expected: [0, 9, 6]
Actual: [0, 9, 6]

----------Exercise 3----------
TEST #1: addLast() method
Bookshelf before addLast(): 
[8, 3, 10]
Bookshelf after addLast(): 
Expected: [8, 3, 10, 9]
Actual: [8, 3, 10, 9]

TEST #2: removeLast() method
Bookshelf before removeLast(): 
[20, 7, 32, 0, 1]
Height removed: 
Expected: 1
Actual: 1
Bookshelf after removeLast(): 
Expected: [20, 7, 32, 0]
Actual: [20, 7, 32, 0]

TEST #3: getHeight() method
Bookshelf before getHeight(): 
[4, 100, 34, 0]
After getHeight(2), height at position 2 is: 
Expected: 34
Actual: 34

TEST #4: test size()
Bookshelf before size(): 
[0, 99, 54, 2]
After size(), bookshelf size is: 
Expected: 4
Actual: 4

